<?xml version="1.0" encoding="UTF-8" ?>
<testsuite errors="0" failures="0" hostname="Shadow" name="Like a post" tests="1" time="2.149" timestamp="2015-10-15T05:09:29">
  <properties />
  <testcase classname="grails.plugin.cucumber.CucumberTest" name="Like a Post" time="2.135" />
  <system-out><![CDATA[Feature: Like a post

--Output from Like a Post--
  Scenario: Like a Post                              # LikePost.feature:3
    Given I am logged in and at the home page        # NewPost_steps.groovy:4
    When I like the post "i am user2 guys hehehe"    # LikePost_steps.groovy:11
    Then I should see "user1 liked this" on the post # LikePost_steps.groovy:15
]]></system-out>
  <system-err><![CDATA[
--Output from Like a Post--]]></system-err>
</testsuite>
