<?xml version="1.0" encoding="UTF-8" ?>
<testsuite errors="0" failures="0" hostname="Poseidon" name="logging in" tests="1" time="4.878" timestamp="2015-09-13T18:12:21">
  <properties />
  <testcase classname="grails.plugin.cucumber.CucumberTest" name="Logging in" time="1.751" />
  <system-out><![CDATA[Feature: logging in

--Output from Logging in--
  Scenario: Logging in                                                                       # Login.feature:3
    Given I am at the url "http://localhost:8090/restsocnet/login/auth"                      # Login_steps.groovy:8
    When I type "user1" in the username field and "password" in the password field and login # Login_steps.groovy:13
    Then I should be able to view the home page for logged in users                          # Login_steps.groovy:16
]]></system-out>
  <system-err><![CDATA[
--Output from Logging in--]]></system-err>
</testsuite>
