<?xml version="1.0" encoding="UTF-8" ?>
<testsuite errors="0" failures="0" hostname="Poseidon" name="Follow a user" tests="1" time="11.769" timestamp="2015-10-14T18:38:40">
  <properties />
  <testcase classname="grails.plugin.cucumber.CucumberTest" name="Follow user" time="7.32" />
  <system-out><![CDATA[Feature: Follow a user

--Output from Follow user--
  Scenario: Follow user                                                   # FollowUser.feature:3
    Given I am logged in as "user2" and at the home page                  # FollowUser_steps.groovy:4
    When I click follow "user1"                                           # FollowUser_steps.groovy:10
    Then I should see "user1" in the list of followed users in my profile # FollowUser_steps.groovy:14
]]></system-out>
  <system-err><![CDATA[
--Output from Follow user--]]></system-err>
</testsuite>
