<?xml version="1.0" encoding="UTF-8" ?>
<testsuite errors="0" failures="0" hostname="Shadow" name="List Posts" tests="1" time="1.533" timestamp="2015-10-15T05:09:31">
  <properties />
  <testcase classname="grails.plugin.cucumber.CucumberTest" name="See all posts" time="1.526" />
  <system-out><![CDATA[Feature: List Posts

--Output from See all posts--
  Scenario: See all posts           # ListPost.feature:4
    Given I am logged in            # ListPost_steps.groovy:6
    When I am at the home page      # ListPost_steps.groovy:14
    Then I should see all the posts # ListPost_steps.groovy:17
]]></system-out>
  <system-err><![CDATA[
--Output from See all posts--]]></system-err>
</testsuite>
