<?xml version="1.0" encoding="UTF-8" ?>
<testsuite errors="0" failures="0" hostname="Poseidon" name="List Posts" tests="1" time="5.143" timestamp="2015-09-14T10:22:02">
  <properties />
  <testcase classname="grails.plugin.cucumber.CucumberTest" name="See all posts" time="2.174" />
  <system-out><![CDATA[Feature: List Posts

--Output from See all posts--
  Scenario: See all posts           # ListPost.feature:3
    Given I am logged in            # ListPost_steps.groovy:6
    When I go to the posts page     # ListPost_steps.groovy:16
    Then I should see all the posts # ListPost_steps.groovy:19
]]></system-out>
  <system-err><![CDATA[
--Output from See all posts--]]></system-err>
</testsuite>
